[0.104s] Invoking command in '/home/pedro/ingenia_ws/build/turtlesim': CMAKE_PREFIX_PATH=${CMAKE_PREFIX_PATH}:/home/pedro/aerostack2_ws/install/as2_keyboard_teleoperation:/home/pedro/aerostack2_ws/install/as2_python_api:/opt/ros/humble /usr/bin/cmake /home/pedro/ingenia_ws/src/ros_tutorials/turtlesim -DCMAKE_INSTALL_PREFIX=/home/pedro/ingenia_ws/install/turtlesim
[0.208s] -- The C compiler identification is GNU 11.4.0
[0.296s] -- The CXX compiler identification is GNU 11.4.0
[0.306s] -- Detecting C compiler ABI info
[0.376s] -- Detecting C compiler ABI info - done
[0.383s] -- Check for working C compiler: /usr/bin/cc - skipped
[0.384s] -- Detecting C compile features
[0.384s] -- Detecting C compile features - done
[0.388s] -- Detecting CXX compiler ABI info
[0.467s] -- Detecting CXX compiler ABI info - done
[0.475s] -- Check for working CXX compiler: /usr/bin/c++ - skipped
[0.475s] -- Detecting CXX compile features
[0.476s] -- Detecting CXX compile features - done
[0.485s] -- Found ament_cmake: 1.3.5 (/opt/ros/humble/share/ament_cmake/cmake)
[0.696s] -- Found Python3: /usr/bin/python3.10 (found version "3.10.12") found components: Interpreter 
[0.835s] -- Found ament_index_cpp: 1.4.0 (/opt/ros/humble/share/ament_index_cpp/cmake)
[0.839s] -- Found geometry_msgs: 4.2.3 (/opt/ros/humble/share/geometry_msgs/cmake)
[0.911s] -- Found rosidl_generator_c: 3.1.5 (/opt/ros/humble/share/rosidl_generator_c/cmake)
[0.920s] -- Found rosidl_adapter: 3.1.5 (/opt/ros/humble/share/rosidl_adapter/cmake)
[0.934s] -- Found rosidl_generator_cpp: 3.1.5 (/opt/ros/humble/share/rosidl_generator_cpp/cmake)
[0.956s] -- Using all available rosidl_typesupport_c: rosidl_typesupport_fastrtps_c;rosidl_typesupport_introspection_c
[0.985s] -- Using all available rosidl_typesupport_cpp: rosidl_typesupport_fastrtps_cpp;rosidl_typesupport_introspection_cpp
[1.152s] -- Found rclcpp: 16.0.6 (/opt/ros/humble/share/rclcpp/cmake)
[1.249s] -- Found rmw_implementation_cmake: 6.1.1 (/opt/ros/humble/share/rmw_implementation_cmake/cmake)
[1.256s] -- Found rmw_fastrtps_cpp: 6.2.4 (/opt/ros/humble/share/rmw_fastrtps_cpp/cmake)
[1.382s] -- Found OpenSSL: /usr/lib/x86_64-linux-gnu/libcrypto.so (found version "3.0.2")  
[1.410s] -- Found FastRTPS: /opt/ros/humble/include  
[1.461s] -- Using RMW implementation 'rmw_fastrtps_cpp' as default
[1.478s] -- Looking for pthread.h
[1.559s] -- Looking for pthread.h - found
[1.559s] -- Performing Test CMAKE_HAVE_LIBC_PTHREAD
[1.636s] -- Performing Test CMAKE_HAVE_LIBC_PTHREAD - Success
[1.637s] -- Found Threads: TRUE  
[1.813s] -- Found rclcpp_action: 16.0.6 (/opt/ros/humble/share/rclcpp_action/cmake)
[1.945s] -- Found rosidl_default_generators: 1.2.0 (/opt/ros/humble/share/rosidl_default_generators/cmake)
[1.963s] -- Found std_srvs: 4.2.3 (/opt/ros/humble/share/std_srvs/cmake)
[2.332s] -- Found ament_cmake_ros: 0.10.0 (/opt/ros/humble/share/ament_cmake_ros/cmake)
[2.673s] -- Using all available rosidl_typesupport_c: rosidl_typesupport_fastrtps_c;rosidl_typesupport_introspection_c
[2.823s] -- Using all available rosidl_typesupport_cpp: rosidl_typesupport_fastrtps_cpp;rosidl_typesupport_introspection_cpp
[2.852s] -- Found PythonInterp: /usr/bin/python3 (found suitable version "3.10.12", minimum required is "3.6") 
[2.855s] -- Found python_cmake_module: 0.10.0 (/opt/ros/humble/share/python_cmake_module/cmake)
[2.889s] -- Found PythonLibs: /usr/lib/x86_64-linux-gnu/libpython3.10.so (found suitable version "3.10.12", minimum required is "3.5") 
[2.889s] -- Using PYTHON_EXECUTABLE: /usr/bin/python3
[2.889s] -- Using PYTHON_INCLUDE_DIRS: /usr/include/python3.10
[2.889s] -- Using PYTHON_LIBRARIES: /usr/lib/x86_64-linux-gnu/libpython3.10.so
[2.916s] -- Found PythonExtra: .so  
[3.017s] -- Configuring done
[3.085s] -- Generating done
[3.088s] -- Build files have been written to: /home/pedro/ingenia_ws/build/turtlesim
[3.101s] Invoked command in '/home/pedro/ingenia_ws/build/turtlesim' returned '0': CMAKE_PREFIX_PATH=${CMAKE_PREFIX_PATH}:/home/pedro/aerostack2_ws/install/as2_keyboard_teleoperation:/home/pedro/aerostack2_ws/install/as2_python_api:/opt/ros/humble /usr/bin/cmake /home/pedro/ingenia_ws/src/ros_tutorials/turtlesim -DCMAKE_INSTALL_PREFIX=/home/pedro/ingenia_ws/install/turtlesim
[3.102s] Invoking command in '/home/pedro/ingenia_ws/build/turtlesim': CMAKE_PREFIX_PATH=${CMAKE_PREFIX_PATH}:/home/pedro/aerostack2_ws/install/as2_keyboard_teleoperation:/home/pedro/aerostack2_ws/install/as2_python_api:/opt/ros/humble /usr/bin/cmake --build /home/pedro/ingenia_ws/build/turtlesim -- -j12 -l12
[3.152s] [  1%] [34m[1mGenerating C code for ROS interfaces[0m
[3.164s] [  2%] [34m[1mGenerating C++ code for ROS interfaces[0m
[3.174s] [  2%] Built target ament_cmake_python_copy_turtlesim
[3.480s] running egg_info
[3.481s] creating turtlesim.egg-info
[3.481s] writing turtlesim.egg-info/PKG-INFO
[3.482s] writing dependency_links to turtlesim.egg-info/dependency_links.txt
[3.482s] writing top-level names to turtlesim.egg-info/top_level.txt
[3.482s] writing manifest file 'turtlesim.egg-info/SOURCES.txt'
[3.485s] reading manifest file 'turtlesim.egg-info/SOURCES.txt'
[3.485s] writing manifest file 'turtlesim.egg-info/SOURCES.txt'
[3.521s] [  2%] Built target ament_cmake_python_build_turtlesim_egg
[4.203s] [  2%] Built target turtlesim__cpp
[4.213s] [  3%] [34m[1mGenerating C++ type support dispatch for ROS interfaces[0m
[4.213s] [  5%] [34m[1mGenerating C++ introspection for ROS interfaces[0m
[4.214s] [  5%] [34m[1mGenerating C++ type support for eProsima Fast-RTPS[0m
[4.314s] [  6%] [32mBuilding C object CMakeFiles/turtlesim__rosidl_generator_c.dir/rosidl_generator_c/turtlesim/srv/detail/kill__functions.c.o[0m
[4.316s] [  7%] [32mBuilding C object CMakeFiles/turtlesim__rosidl_generator_c.dir/rosidl_generator_c/turtlesim/action/detail/rotate_absolute__functions.c.o[0m
[4.316s] [  8%] [32mBuilding C object CMakeFiles/turtlesim__rosidl_generator_c.dir/rosidl_generator_c/turtlesim/msg/detail/color__functions.c.o[0m
[4.317s] [  9%] [32mBuilding C object CMakeFiles/turtlesim__rosidl_generator_c.dir/rosidl_generator_c/turtlesim/msg/detail/pose__functions.c.o[0m
[4.317s] [ 11%] [32mBuilding C object CMakeFiles/turtlesim__rosidl_generator_c.dir/rosidl_generator_c/turtlesim/srv/detail/spawn__functions.c.o[0m
[4.317s] [ 11%] [32mBuilding C object CMakeFiles/turtlesim__rosidl_generator_c.dir/rosidl_generator_c/turtlesim/srv/detail/set_pen__functions.c.o[0m
[4.317s] [ 12%] [32mBuilding C object CMakeFiles/turtlesim__rosidl_generator_c.dir/rosidl_generator_c/turtlesim/srv/detail/teleport_absolute__functions.c.o[0m
[4.318s] [ 13%] [32mBuilding C object CMakeFiles/turtlesim__rosidl_generator_c.dir/rosidl_generator_c/turtlesim/srv/detail/teleport_relative__functions.c.o[0m
[4.501s] [ 14%] [32m[1mLinking C shared library libturtlesim__rosidl_generator_c.so[0m
[4.539s] [ 14%] Built target turtlesim__rosidl_generator_c
[4.551s] [ 17%] [34m[1mGenerating C type support dispatch for ROS interfaces[0m
[4.551s] [ 17%] [34m[1mGenerating C type support for eProsima Fast-RTPS[0m
[4.551s] [ 17%] [34m[1mGenerating C introspection for ROS interfaces[0m
[4.926s] [ 19%] [32mBuilding CXX object CMakeFiles/turtlesim__rosidl_typesupport_cpp.dir/rosidl_typesupport_cpp/turtlesim/action/rotate_absolute__type_support.cpp.o[0m
[4.926s] [ 19%] [32mBuilding CXX object CMakeFiles/turtlesim__rosidl_typesupport_cpp.dir/rosidl_typesupport_cpp/turtlesim/msg/color__type_support.cpp.o[0m
[4.926s] [ 20%] [32mBuilding CXX object CMakeFiles/turtlesim__rosidl_typesupport_cpp.dir/rosidl_typesupport_cpp/turtlesim/srv/kill__type_support.cpp.o[0m
[4.927s] [ 21%] [32mBuilding CXX object CMakeFiles/turtlesim__rosidl_typesupport_cpp.dir/rosidl_typesupport_cpp/turtlesim/srv/teleport_absolute__type_support.cpp.o[0m
[4.930s] [ 22%] [32mBuilding CXX object CMakeFiles/turtlesim__rosidl_typesupport_cpp.dir/rosidl_typesupport_cpp/turtlesim/msg/pose__type_support.cpp.o[0m
[4.932s] [ 23%] [32mBuilding CXX object CMakeFiles/turtlesim__rosidl_typesupport_cpp.dir/rosidl_typesupport_cpp/turtlesim/srv/set_pen__type_support.cpp.o[0m
[4.935s] [ 24%] [32mBuilding CXX object CMakeFiles/turtlesim__rosidl_typesupport_cpp.dir/rosidl_typesupport_cpp/turtlesim/srv/spawn__type_support.cpp.o[0m
[5.453s] [ 25%] [32mBuilding CXX object CMakeFiles/turtlesim__rosidl_typesupport_introspection_cpp.dir/rosidl_typesupport_introspection_cpp/turtlesim/action/detail/rotate_absolute__type_support.cpp.o[0m
[5.456s] [ 26%] [32mBuilding CXX object CMakeFiles/turtlesim__rosidl_typesupport_introspection_cpp.dir/rosidl_typesupport_introspection_cpp/turtlesim/msg/detail/color__type_support.cpp.o[0m
[5.463s] [ 28%] [32mBuilding CXX object CMakeFiles/turtlesim__rosidl_typesupport_introspection_cpp.dir/rosidl_typesupport_introspection_cpp/turtlesim/msg/detail/pose__type_support.cpp.o[0m
[5.463s] [ 28%] [32mBuilding CXX object CMakeFiles/turtlesim__rosidl_typesupport_cpp.dir/rosidl_typesupport_cpp/turtlesim/srv/teleport_relative__type_support.cpp.o[0m
[5.477s] [ 29%] [32mBuilding CXX object CMakeFiles/turtlesim__rosidl_typesupport_introspection_cpp.dir/rosidl_typesupport_introspection_cpp/turtlesim/srv/detail/kill__type_support.cpp.o[0m
[5.485s] [ 30%] [32mBuilding CXX object CMakeFiles/turtlesim__rosidl_typesupport_introspection_cpp.dir/rosidl_typesupport_introspection_cpp/turtlesim/srv/detail/set_pen__type_support.cpp.o[0m
[5.487s] [ 31%] [32mBuilding CXX object CMakeFiles/turtlesim__rosidl_typesupport_introspection_cpp.dir/rosidl_typesupport_introspection_cpp/turtlesim/srv/detail/spawn__type_support.cpp.o[0m
[5.507s] [ 32%] [32mBuilding CXX object CMakeFiles/turtlesim__rosidl_typesupport_c.dir/rosidl_typesupport_c/turtlesim/action/rotate_absolute__type_support.cpp.o[0m
[5.604s] [ 33%] [32mBuilding CXX object CMakeFiles/turtlesim__rosidl_typesupport_c.dir/rosidl_typesupport_c/turtlesim/msg/color__type_support.cpp.o[0m
[5.655s] [ 34%] [32mBuilding CXX object CMakeFiles/turtlesim__rosidl_typesupport_c.dir/rosidl_typesupport_c/turtlesim/msg/pose__type_support.cpp.o[0m
[5.719s] [ 35%] [32mBuilding CXX object CMakeFiles/turtlesim__rosidl_typesupport_c.dir/rosidl_typesupport_c/turtlesim/srv/kill__type_support.cpp.o[0m
[5.789s] [ 36%] [32mBuilding CXX object CMakeFiles/turtlesim__rosidl_typesupport_c.dir/rosidl_typesupport_c/turtlesim/srv/set_pen__type_support.cpp.o[0m
[5.803s] [ 37%] [32mBuilding CXX object CMakeFiles/turtlesim__rosidl_typesupport_fastrtps_cpp.dir/rosidl_typesupport_fastrtps_cpp/turtlesim/action/detail/dds_fastrtps/rotate_absolute__type_support.cpp.o[0m
[5.818s] [ 38%] [32mBuilding CXX object CMakeFiles/turtlesim__rosidl_typesupport_introspection_cpp.dir/rosidl_typesupport_introspection_cpp/turtlesim/srv/detail/teleport_absolute__type_support.cpp.o[0m
[5.845s] [ 39%] [32mBuilding CXX object CMakeFiles/turtlesim__rosidl_typesupport_c.dir/rosidl_typesupport_c/turtlesim/srv/spawn__type_support.cpp.o[0m
[5.901s] [ 40%] [32mBuilding CXX object CMakeFiles/turtlesim__rosidl_typesupport_c.dir/rosidl_typesupport_c/turtlesim/srv/teleport_absolute__type_support.cpp.o[0m
[5.953s] [ 41%] [32m[1mLinking CXX shared library libturtlesim__rosidl_typesupport_cpp.so[0m
[5.967s] [ 42%] [32mBuilding CXX object CMakeFiles/turtlesim__rosidl_typesupport_c.dir/rosidl_typesupport_c/turtlesim/srv/teleport_relative__type_support.cpp.o[0m
[6.029s] [ 43%] [32m[1mLinking CXX shared library libturtlesim__rosidl_typesupport_c.so[0m
[6.031s] [ 43%] Built target turtlesim__rosidl_typesupport_cpp
[6.046s] [ 44%] [32mBuilding CXX object CMakeFiles/turtlesim__rosidl_typesupport_fastrtps_cpp.dir/rosidl_typesupport_fastrtps_cpp/turtlesim/msg/detail/dds_fastrtps/color__type_support.cpp.o[0m
[6.110s] [ 44%] Built target turtlesim__rosidl_typesupport_c
[6.125s] [ 45%] [32mBuilding CXX object CMakeFiles/turtlesim__rosidl_typesupport_fastrtps_cpp.dir/rosidl_typesupport_fastrtps_cpp/turtlesim/msg/detail/dds_fastrtps/pose__type_support.cpp.o[0m
[6.132s] [ 46%] [32mBuilding C object CMakeFiles/turtlesim__rosidl_typesupport_introspection_c.dir/rosidl_typesupport_introspection_c/turtlesim/action/detail/rotate_absolute__type_support.c.o[0m
[6.157s] [ 47%] [32mBuilding CXX object CMakeFiles/turtlesim__rosidl_typesupport_introspection_cpp.dir/rosidl_typesupport_introspection_cpp/turtlesim/srv/detail/teleport_relative__type_support.cpp.o[0m
[6.167s] [ 48%] [32mBuilding C object CMakeFiles/turtlesim__rosidl_typesupport_introspection_c.dir/rosidl_typesupport_introspection_c/turtlesim/msg/detail/color__type_support.c.o[0m
[6.186s] [ 49%] [32mBuilding CXX object CMakeFiles/turtlesim__rosidl_typesupport_fastrtps_cpp.dir/rosidl_typesupport_fastrtps_cpp/turtlesim/srv/detail/dds_fastrtps/kill__type_support.cpp.o[0m
[6.196s] [ 50%] [34m[1mGenerating include/turtlesim/moc_turtle_frame.cpp[0m
[6.217s] [ 51%] [32mBuilding C object CMakeFiles/turtlesim__rosidl_typesupport_introspection_c.dir/rosidl_typesupport_introspection_c/turtlesim/msg/detail/pose__type_support.c.o[0m
[6.220s] [ 52%] [32mBuilding C object CMakeFiles/turtlesim__rosidl_typesupport_introspection_c.dir/rosidl_typesupport_introspection_c/turtlesim/srv/detail/kill__type_support.c.o[0m
[6.226s] [ 53%] [32mBuilding C object CMakeFiles/turtlesim__rosidl_typesupport_introspection_c.dir/rosidl_typesupport_introspection_c/turtlesim/srv/detail/set_pen__type_support.c.o[0m
[6.234s] [ 54%] [32mBuilding CXX object CMakeFiles/turtlesim__rosidl_typesupport_fastrtps_c.dir/rosidl_typesupport_fastrtps_c/turtlesim/action/detail/rotate_absolute__type_support_c.cpp.o[0m
[6.276s] [ 55%] [32mBuilding C object CMakeFiles/turtlesim__rosidl_typesupport_introspection_c.dir/rosidl_typesupport_introspection_c/turtlesim/srv/detail/spawn__type_support.c.o[0m
[6.288s] [ 56%] [32mBuilding C object CMakeFiles/turtlesim__rosidl_typesupport_introspection_c.dir/rosidl_typesupport_introspection_c/turtlesim/srv/detail/teleport_absolute__type_support.c.o[0m
[6.311s] [ 57%] [32mBuilding CXX object CMakeFiles/turtlesim__rosidl_typesupport_fastrtps_cpp.dir/rosidl_typesupport_fastrtps_cpp/turtlesim/srv/detail/dds_fastrtps/set_pen__type_support.cpp.o[0m
[6.343s] [ 58%] [32mBuilding CXX object CMakeFiles/turtlesim__rosidl_typesupport_fastrtps_cpp.dir/rosidl_typesupport_fastrtps_cpp/turtlesim/srv/detail/dds_fastrtps/spawn__type_support.cpp.o[0m
[6.352s] [ 59%] [32mBuilding C object CMakeFiles/turtlesim__rosidl_typesupport_introspection_c.dir/rosidl_typesupport_introspection_c/turtlesim/srv/detail/teleport_relative__type_support.c.o[0m
[6.353s] [ 60%] [32mBuilding CXX object CMakeFiles/turtlesim_node.dir/src/turtlesim.cpp.o[0m
[6.415s] [ 61%] [32m[1mLinking C shared library libturtlesim__rosidl_typesupport_introspection_c.so[0m
[6.478s] [ 61%] Built target turtlesim__rosidl_typesupport_introspection_c
[6.532s] [ 62%] [32mBuilding CXX object CMakeFiles/turtle_teleop_key.dir/tutorials/teleop_turtle_key.cpp.o[0m
[6.548s] [ 63%] [32mBuilding CXX object CMakeFiles/draw_square.dir/tutorials/draw_square.cpp.o[0m
[6.562s] [ 64%] [32mBuilding CXX object CMakeFiles/mimic.dir/tutorials/mimic.cpp.o[0m
[6.795s] [ 65%] [32mBuilding CXX object CMakeFiles/turtlesim__rosidl_typesupport_fastrtps_cpp.dir/rosidl_typesupport_fastrtps_cpp/turtlesim/srv/detail/dds_fastrtps/teleport_absolute__type_support.cpp.o[0m
[6.824s] [ 66%] [32mBuilding CXX object CMakeFiles/turtlesim__rosidl_typesupport_fastrtps_cpp.dir/rosidl_typesupport_fastrtps_cpp/turtlesim/srv/detail/dds_fastrtps/teleport_relative__type_support.cpp.o[0m
[6.839s] [ 67%] [32mBuilding CXX object CMakeFiles/turtlesim_node.dir/src/turtle.cpp.o[0m
[6.875s] [ 68%] [32m[1mLinking CXX shared library libturtlesim__rosidl_typesupport_introspection_cpp.so[0m
[6.947s] [ 69%] [32mBuilding CXX object CMakeFiles/turtlesim_node.dir/src/turtle_frame.cpp.o[0m
[6.960s] [ 70%] [32mBuilding CXX object CMakeFiles/turtlesim__rosidl_typesupport_fastrtps_c.dir/rosidl_typesupport_fastrtps_c/turtlesim/msg/detail/color__type_support_c.cpp.o[0m
[7.008s] [ 70%] Built target turtlesim__rosidl_typesupport_introspection_cpp
[7.023s] [ 71%] [32mBuilding CXX object CMakeFiles/turtlesim__rosidl_typesupport_fastrtps_c.dir/rosidl_typesupport_fastrtps_c/turtlesim/msg/detail/pose__type_support_c.cpp.o[0m
[7.060s] [ 72%] [32mBuilding CXX object CMakeFiles/turtlesim__rosidl_typesupport_fastrtps_c.dir/rosidl_typesupport_fastrtps_c/turtlesim/srv/detail/kill__type_support_c.cpp.o[0m
[7.066s] [ 73%] [32mBuilding CXX object CMakeFiles/turtlesim__rosidl_typesupport_fastrtps_c.dir/rosidl_typesupport_fastrtps_c/turtlesim/srv/detail/set_pen__type_support_c.cpp.o[0m
[7.573s] [ 74%] [32mBuilding CXX object CMakeFiles/turtlesim__rosidl_typesupport_fastrtps_c.dir/rosidl_typesupport_fastrtps_c/turtlesim/srv/detail/spawn__type_support_c.cpp.o[0m
[7.580s] [ 75%] [32m[1mLinking CXX shared library libturtlesim__rosidl_typesupport_fastrtps_cpp.so[0m
[7.598s] [ 76%] [32mBuilding CXX object CMakeFiles/turtlesim__rosidl_typesupport_fastrtps_c.dir/rosidl_typesupport_fastrtps_c/turtlesim/srv/detail/teleport_absolute__type_support_c.cpp.o[0m
[7.666s] [ 77%] [32mBuilding CXX object CMakeFiles/turtlesim__rosidl_typesupport_fastrtps_c.dir/rosidl_typesupport_fastrtps_c/turtlesim/srv/detail/teleport_relative__type_support_c.cpp.o[0m
[7.714s] [ 78%] [32mBuilding CXX object CMakeFiles/turtlesim_node.dir/include/turtlesim/moc_turtle_frame.cpp.o[0m
[7.731s] [ 78%] Built target turtlesim__rosidl_typesupport_fastrtps_cpp
[8.301s] [ 79%] [32m[1mLinking CXX shared library libturtlesim__rosidl_typesupport_fastrtps_c.so[0m
[8.389s] [ 79%] Built target turtlesim__rosidl_typesupport_fastrtps_c
[8.411s] [ 79%] Built target turtlesim
[8.435s] [ 80%] [34m[1mGenerating Python code for ROS interfaces[0m
[10.649s] [ 80%] Built target turtlesim__py
[10.677s] [ 82%] [32mBuilding C object CMakeFiles/turtlesim__rosidl_generator_py.dir/rosidl_generator_py/turtlesim/msg/_color_s.c.o[0m
[10.677s] [ 83%] [32mBuilding C object CMakeFiles/turtlesim__rosidl_generator_py.dir/rosidl_generator_py/turtlesim/action/_rotate_absolute_s.c.o[0m
[10.677s] [ 83%] [32mBuilding C object CMakeFiles/turtlesim__rosidl_generator_py.dir/rosidl_generator_py/turtlesim/msg/_pose_s.c.o[0m
[10.677s] [ 85%] [32mBuilding C object CMakeFiles/turtlesim__rosidl_generator_py.dir/rosidl_generator_py/turtlesim/srv/_kill_s.c.o[0m
[10.678s] [ 85%] [32mBuilding C object CMakeFiles/turtlesim__rosidl_generator_py.dir/rosidl_generator_py/turtlesim/srv/_set_pen_s.c.o[0m
[10.881s] [ 86%] [32mBuilding C object CMakeFiles/turtlesim__rosidl_generator_py.dir/rosidl_generator_py/turtlesim/srv/_spawn_s.c.o[0m
[10.885s] [ 87%] [32mBuilding C object CMakeFiles/turtlesim__rosidl_generator_py.dir/rosidl_generator_py/turtlesim/srv/_teleport_absolute_s.c.o[0m
[10.893s] [ 88%] [32mBuilding C object CMakeFiles/turtlesim__rosidl_generator_py.dir/rosidl_generator_py/turtlesim/srv/_teleport_relative_s.c.o[0m
[11.081s] [ 89%] [32m[1mLinking C shared library rosidl_generator_py/turtlesim/libturtlesim__rosidl_generator_py.so[0m
[11.130s] [ 89%] Built target turtlesim__rosidl_generator_py
[11.158s] [ 90%] [32mBuilding C object CMakeFiles/turtlesim__rosidl_typesupport_fastrtps_c__pyext.dir/rosidl_generator_py/turtlesim/_turtlesim_s.ep.rosidl_typesupport_fastrtps_c.c.o[0m
[11.162s] [ 91%] [32mBuilding C object CMakeFiles/turtlesim__rosidl_typesupport_c__pyext.dir/rosidl_generator_py/turtlesim/_turtlesim_s.ep.rosidl_typesupport_c.c.o[0m
[11.166s] [ 92%] [32mBuilding C object CMakeFiles/turtlesim__rosidl_typesupport_introspection_c__pyext.dir/rosidl_generator_py/turtlesim/_turtlesim_s.ep.rosidl_typesupport_introspection_c.c.o[0m
[11.421s] [ 93%] [32m[1mLinking C shared library rosidl_generator_py/turtlesim/turtlesim_s__rosidl_typesupport_fastrtps_c.cpython-310-x86_64-linux-gnu.so[0m
[11.451s] [ 94%] [32m[1mLinking C shared library rosidl_generator_py/turtlesim/turtlesim_s__rosidl_typesupport_c.cpython-310-x86_64-linux-gnu.so[0m
[11.473s] [ 95%] [32m[1mLinking C shared library rosidl_generator_py/turtlesim/turtlesim_s__rosidl_typesupport_introspection_c.cpython-310-x86_64-linux-gnu.so[0m
[11.474s] [ 95%] Built target turtlesim__rosidl_typesupport_fastrtps_c__pyext
[11.519s] [ 95%] Built target turtlesim__rosidl_typesupport_c__pyext
[11.529s] [ 95%] Built target turtlesim__rosidl_typesupport_introspection_c__pyext
[14.143s] [ 96%] [32m[1mLinking CXX executable turtle_teleop_key[0m
[14.455s] [ 96%] Built target turtle_teleop_key
[16.832s] [ 97%] [32m[1mLinking CXX executable mimic[0m
[17.249s] [ 97%] Built target mimic
[18.804s] [ 98%] [32m[1mLinking CXX executable draw_square[0m
[19.217s] [ 98%] Built target draw_square
[22.030s] [100%] [32m[1mLinking CXX executable turtlesim_node[0m
[24.219s] [100%] Built target turtlesim_node
[24.230s] Invoked command in '/home/pedro/ingenia_ws/build/turtlesim' returned '0': CMAKE_PREFIX_PATH=${CMAKE_PREFIX_PATH}:/home/pedro/aerostack2_ws/install/as2_keyboard_teleoperation:/home/pedro/aerostack2_ws/install/as2_python_api:/opt/ros/humble /usr/bin/cmake --build /home/pedro/ingenia_ws/build/turtlesim -- -j12 -l12
[24.486s] Invoking command in '/home/pedro/ingenia_ws/build/turtlesim': CMAKE_PREFIX_PATH=${CMAKE_PREFIX_PATH}:/home/pedro/aerostack2_ws/install/as2_keyboard_teleoperation:/home/pedro/aerostack2_ws/install/as2_python_api:/opt/ros/humble /usr/bin/cmake --install /home/pedro/ingenia_ws/build/turtlesim
[24.496s] -- Install configuration: ""
[24.496s] -- Installing: /home/pedro/ingenia_ws/install/turtlesim/share/ament_index/resource_index/rosidl_interfaces/turtlesim
[24.496s] -- Installing: /home/pedro/ingenia_ws/install/turtlesim/include/turtlesim/turtlesim
[24.496s] -- Installing: /home/pedro/ingenia_ws/install/turtlesim/include/turtlesim/turtlesim/srv
[24.496s] -- Installing: /home/pedro/ingenia_ws/install/turtlesim/include/turtlesim/turtlesim/srv/detail
[24.496s] -- Installing: /home/pedro/ingenia_ws/install/turtlesim/include/turtlesim/turtlesim/srv/detail/kill__functions.c
[24.496s] -- Installing: /home/pedro/ingenia_ws/install/turtlesim/include/turtlesim/turtlesim/srv/detail/teleport_absolute__struct.h
[24.496s] -- Installing: /home/pedro/ingenia_ws/install/turtlesim/include/turtlesim/turtlesim/srv/detail/set_pen__type_support.h
[24.497s] -- Installing: /home/pedro/ingenia_ws/install/turtlesim/include/turtlesim/turtlesim/srv/detail/kill__struct.h
[24.497s] -- Installing: /home/pedro/ingenia_ws/install/turtlesim/include/turtlesim/turtlesim/srv/detail/spawn__functions.h
[24.497s] -- Installing: /home/pedro/ingenia_ws/install/turtlesim/include/turtlesim/turtlesim/srv/detail/spawn__struct.h
[24.497s] -- Installing: /home/pedro/ingenia_ws/install/turtlesim/include/turtlesim/turtlesim/srv/detail/teleport_relative__type_support.h
[24.497s] -- Installing: /home/pedro/ingenia_ws/install/turtlesim/include/turtlesim/turtlesim/srv/detail/spawn__functions.c
[24.497s] -- Installing: /home/pedro/ingenia_ws/install/turtlesim/include/turtlesim/turtlesim/srv/detail/teleport_absolute__type_support.h
[24.497s] -- Installing: /home/pedro/ingenia_ws/install/turtlesim/include/turtlesim/turtlesim/srv/detail/kill__type_support.h
[24.497s] -- Installing: /home/pedro/ingenia_ws/install/turtlesim/include/turtlesim/turtlesim/srv/detail/kill__functions.h
[24.497s] -- Installing: /home/pedro/ingenia_ws/install/turtlesim/include/turtlesim/turtlesim/srv/detail/teleport_absolute__functions.h
[24.497s] -- Installing: /home/pedro/ingenia_ws/install/turtlesim/include/turtlesim/turtlesim/srv/detail/set_pen__struct.h
[24.497s] -- Installing: /home/pedro/ingenia_ws/install/turtlesim/include/turtlesim/turtlesim/srv/detail/teleport_relative__functions.h
[24.498s] -- Installing: /home/pedro/ingenia_ws/install/turtlesim/include/turtlesim/turtlesim/srv/detail/set_pen__functions.h
[24.498s] -- Installing: /home/pedro/ingenia_ws/install/turtlesim/include/turtlesim/turtlesim/srv/detail/teleport_relative__functions.c
[24.498s] -- Installing: /home/pedro/ingenia_ws/install/turtlesim/include/turtlesim/turtlesim/srv/detail/teleport_absolute__functions.c
[24.498s] -- Installing: /home/pedro/ingenia_ws/install/turtlesim/include/turtlesim/turtlesim/srv/detail/set_pen__functions.c
[24.498s] -- Installing: /home/pedro/ingenia_ws/install/turtlesim/include/turtlesim/turtlesim/srv/detail/spawn__type_support.h
[24.498s] -- Installing: /home/pedro/ingenia_ws/install/turtlesim/include/turtlesim/turtlesim/srv/detail/teleport_relative__struct.h
[24.498s] -- Installing: /home/pedro/ingenia_ws/install/turtlesim/include/turtlesim/turtlesim/srv/spawn.h
[24.499s] -- Installing: /home/pedro/ingenia_ws/install/turtlesim/include/turtlesim/turtlesim/srv/set_pen.h
[24.499s] -- Installing: /home/pedro/ingenia_ws/install/turtlesim/include/turtlesim/turtlesim/srv/teleport_absolute.h
[24.499s] -- Installing: /home/pedro/ingenia_ws/install/turtlesim/include/turtlesim/turtlesim/srv/teleport_relative.h
[24.499s] -- Installing: /home/pedro/ingenia_ws/install/turtlesim/include/turtlesim/turtlesim/srv/kill.h
[24.499s] -- Installing: /home/pedro/ingenia_ws/install/turtlesim/include/turtlesim/turtlesim/msg
[24.499s] -- Installing: /home/pedro/ingenia_ws/install/turtlesim/include/turtlesim/turtlesim/msg/color.h
[24.500s] -- Installing: /home/pedro/ingenia_ws/install/turtlesim/include/turtlesim/turtlesim/msg/detail
[24.500s] -- Installing: /home/pedro/ingenia_ws/install/turtlesim/include/turtlesim/turtlesim/msg/detail/color__functions.h
[24.500s] -- Installing: /home/pedro/ingenia_ws/install/turtlesim/include/turtlesim/turtlesim/msg/detail/pose__struct.h
[24.500s] -- Installing: /home/pedro/ingenia_ws/install/turtlesim/include/turtlesim/turtlesim/msg/detail/pose__type_support.h
[24.500s] -- Installing: /home/pedro/ingenia_ws/install/turtlesim/include/turtlesim/turtlesim/msg/detail/color__functions.c
[24.500s] -- Installing: /home/pedro/ingenia_ws/install/turtlesim/include/turtlesim/turtlesim/msg/detail/color__struct.h
[24.500s] -- Installing: /home/pedro/ingenia_ws/install/turtlesim/include/turtlesim/turtlesim/msg/detail/pose__functions.c
[24.500s] -- Installing: /home/pedro/ingenia_ws/install/turtlesim/include/turtlesim/turtlesim/msg/detail/pose__functions.h
[24.500s] -- Installing: /home/pedro/ingenia_ws/install/turtlesim/include/turtlesim/turtlesim/msg/detail/color__type_support.h
[24.500s] -- Installing: /home/pedro/ingenia_ws/install/turtlesim/include/turtlesim/turtlesim/msg/rosidl_generator_c__visibility_control.h
[24.500s] -- Installing: /home/pedro/ingenia_ws/install/turtlesim/include/turtlesim/turtlesim/msg/pose.h
[24.501s] -- Installing: /home/pedro/ingenia_ws/install/turtlesim/include/turtlesim/turtlesim/action
[24.501s] -- Installing: /home/pedro/ingenia_ws/install/turtlesim/include/turtlesim/turtlesim/action/detail
[24.501s] -- Installing: /home/pedro/ingenia_ws/install/turtlesim/include/turtlesim/turtlesim/action/detail/rotate_absolute__functions.h
[24.501s] -- Installing: /home/pedro/ingenia_ws/install/turtlesim/include/turtlesim/turtlesim/action/detail/rotate_absolute__struct.h
[24.501s] -- Installing: /home/pedro/ingenia_ws/install/turtlesim/include/turtlesim/turtlesim/action/detail/rotate_absolute__type_support.h
[24.501s] -- Installing: /home/pedro/ingenia_ws/install/turtlesim/include/turtlesim/turtlesim/action/detail/rotate_absolute__functions.c
[24.501s] -- Installing: /home/pedro/ingenia_ws/install/turtlesim/include/turtlesim/turtlesim/action/rotate_absolute.h
[24.501s] -- Installing: /home/pedro/ingenia_ws/install/turtlesim/share/turtlesim/environment/library_path.sh
[24.501s] -- Installing: /home/pedro/ingenia_ws/install/turtlesim/share/turtlesim/environment/library_path.dsv
[24.501s] -- Installing: /home/pedro/ingenia_ws/install/turtlesim/lib/libturtlesim__rosidl_generator_c.so
[24.501s] -- Set runtime path of "/home/pedro/ingenia_ws/install/turtlesim/lib/libturtlesim__rosidl_generator_c.so" to ""
[24.502s] -- Up-to-date: /home/pedro/ingenia_ws/install/turtlesim/include/turtlesim/turtlesim
[24.502s] -- Up-to-date: /home/pedro/ingenia_ws/install/turtlesim/include/turtlesim/turtlesim/srv
[24.502s] -- Up-to-date: /home/pedro/ingenia_ws/install/turtlesim/include/turtlesim/turtlesim/srv/detail
[24.502s] -- Installing: /home/pedro/ingenia_ws/install/turtlesim/include/turtlesim/turtlesim/srv/detail/teleport_relative__rosidl_typesupport_fastrtps_c.h
[24.502s] -- Installing: /home/pedro/ingenia_ws/install/turtlesim/include/turtlesim/turtlesim/srv/detail/set_pen__rosidl_typesupport_fastrtps_c.h
[24.502s] -- Installing: /home/pedro/ingenia_ws/install/turtlesim/include/turtlesim/turtlesim/srv/detail/kill__rosidl_typesupport_fastrtps_c.h
[24.502s] -- Installing: /home/pedro/ingenia_ws/install/turtlesim/include/turtlesim/turtlesim/srv/detail/teleport_absolute__rosidl_typesupport_fastrtps_c.h
[24.502s] -- Installing: /home/pedro/ingenia_ws/install/turtlesim/include/turtlesim/turtlesim/srv/detail/spawn__rosidl_typesupport_fastrtps_c.h
[24.502s] -- Up-to-date: /home/pedro/ingenia_ws/install/turtlesim/include/turtlesim/turtlesim/msg
[24.503s] -- Up-to-date: /home/pedro/ingenia_ws/install/turtlesim/include/turtlesim/turtlesim/msg/detail
[24.503s] -- Installing: /home/pedro/ingenia_ws/install/turtlesim/include/turtlesim/turtlesim/msg/detail/pose__rosidl_typesupport_fastrtps_c.h
[24.503s] -- Installing: /home/pedro/ingenia_ws/install/turtlesim/include/turtlesim/turtlesim/msg/detail/color__rosidl_typesupport_fastrtps_c.h
[24.503s] -- Installing: /home/pedro/ingenia_ws/install/turtlesim/include/turtlesim/turtlesim/msg/rosidl_typesupport_fastrtps_c__visibility_control.h
[24.503s] -- Up-to-date: /home/pedro/ingenia_ws/install/turtlesim/include/turtlesim/turtlesim/action
[24.503s] -- Up-to-date: /home/pedro/ingenia_ws/install/turtlesim/include/turtlesim/turtlesim/action/detail
[24.503s] -- Installing: /home/pedro/ingenia_ws/install/turtlesim/include/turtlesim/turtlesim/action/detail/rotate_absolute__rosidl_typesupport_fastrtps_c.h
[24.503s] -- Installing: /home/pedro/ingenia_ws/install/turtlesim/lib/libturtlesim__rosidl_typesupport_fastrtps_c.so
[24.503s] -- Set runtime path of "/home/pedro/ingenia_ws/install/turtlesim/lib/libturtlesim__rosidl_typesupport_fastrtps_c.so" to ""
[24.503s] -- Up-to-date: /home/pedro/ingenia_ws/install/turtlesim/include/turtlesim/turtlesim
[24.503s] -- Up-to-date: /home/pedro/ingenia_ws/install/turtlesim/include/turtlesim/turtlesim/srv
[24.504s] -- Up-to-date: /home/pedro/ingenia_ws/install/turtlesim/include/turtlesim/turtlesim/srv/detail
[24.504s] -- Installing: /home/pedro/ingenia_ws/install/turtlesim/include/turtlesim/turtlesim/srv/detail/teleport_relative__builder.hpp
[24.504s] -- Installing: /home/pedro/ingenia_ws/install/turtlesim/include/turtlesim/turtlesim/srv/detail/set_pen__traits.hpp
[24.504s] -- Installing: /home/pedro/ingenia_ws/install/turtlesim/include/turtlesim/turtlesim/srv/detail/teleport_absolute__traits.hpp
[24.504s] -- Installing: /home/pedro/ingenia_ws/install/turtlesim/include/turtlesim/turtlesim/srv/detail/teleport_absolute__struct.hpp
[24.504s] -- Installing: /home/pedro/ingenia_ws/install/turtlesim/include/turtlesim/turtlesim/srv/detail/spawn__struct.hpp
[24.504s] -- Installing: /home/pedro/ingenia_ws/install/turtlesim/include/turtlesim/turtlesim/srv/detail/kill__traits.hpp
[24.504s] -- Installing: /home/pedro/ingenia_ws/install/turtlesim/include/turtlesim/turtlesim/srv/detail/spawn__builder.hpp
[24.504s] -- Installing: /home/pedro/ingenia_ws/install/turtlesim/include/turtlesim/turtlesim/srv/detail/kill__builder.hpp
[24.504s] -- Installing: /home/pedro/ingenia_ws/install/turtlesim/include/turtlesim/turtlesim/srv/detail/teleport_relative__traits.hpp
[24.504s] -- Installing: /home/pedro/ingenia_ws/install/turtlesim/include/turtlesim/turtlesim/srv/detail/kill__struct.hpp
[24.505s] -- Installing: /home/pedro/ingenia_ws/install/turtlesim/include/turtlesim/turtlesim/srv/detail/teleport_relative__struct.hpp
[24.505s] -- Installing: /home/pedro/ingenia_ws/install/turtlesim/include/turtlesim/turtlesim/srv/detail/set_pen__builder.hpp
[24.505s] -- Installing: /home/pedro/ingenia_ws/install/turtlesim/include/turtlesim/turtlesim/srv/detail/set_pen__struct.hpp
[24.505s] -- Installing: /home/pedro/ingenia_ws/install/turtlesim/include/turtlesim/turtlesim/srv/detail/spawn__traits.hpp
[24.505s] -- Installing: /home/pedro/ingenia_ws/install/turtlesim/include/turtlesim/turtlesim/srv/detail/teleport_absolute__builder.hpp
[24.505s] -- Installing: /home/pedro/ingenia_ws/install/turtlesim/include/turtlesim/turtlesim/srv/teleport_relative.hpp
[24.505s] -- Installing: /home/pedro/ingenia_ws/install/turtlesim/include/turtlesim/turtlesim/srv/teleport_absolute.hpp
[24.506s] -- Installing: /home/pedro/ingenia_ws/install/turtlesim/include/turtlesim/turtlesim/srv/spawn.hpp
[24.506s] -- Installing: /home/pedro/ingenia_ws/install/turtlesim/include/turtlesim/turtlesim/srv/set_pen.hpp
[24.506s] -- Installing: /home/pedro/ingenia_ws/install/turtlesim/include/turtlesim/turtlesim/srv/kill.hpp
[24.506s] -- Up-to-date: /home/pedro/ingenia_ws/install/turtlesim/include/turtlesim/turtlesim/msg
[24.506s] -- Up-to-date: /home/pedro/ingenia_ws/install/turtlesim/include/turtlesim/turtlesim/msg/detail
[24.507s] -- Installing: /home/pedro/ingenia_ws/install/turtlesim/include/turtlesim/turtlesim/msg/detail/pose__builder.hpp
[24.507s] -- Installing: /home/pedro/ingenia_ws/install/turtlesim/include/turtlesim/turtlesim/msg/detail/color__builder.hpp
[24.507s] -- Installing: /home/pedro/ingenia_ws/install/turtlesim/include/turtlesim/turtlesim/msg/detail/color__traits.hpp
[24.507s] -- Installing: /home/pedro/ingenia_ws/install/turtlesim/include/turtlesim/turtlesim/msg/detail/pose__traits.hpp
[24.507s] -- Installing: /home/pedro/ingenia_ws/install/turtlesim/include/turtlesim/turtlesim/msg/detail/pose__struct.hpp
[24.507s] -- Installing: /home/pedro/ingenia_ws/install/turtlesim/include/turtlesim/turtlesim/msg/detail/color__struct.hpp
[24.507s] -- Installing: /home/pedro/ingenia_ws/install/turtlesim/include/turtlesim/turtlesim/msg/pose.hpp
[24.507s] -- Installing: /home/pedro/ingenia_ws/install/turtlesim/include/turtlesim/turtlesim/msg/color.hpp
[24.507s] -- Up-to-date: /home/pedro/ingenia_ws/install/turtlesim/include/turtlesim/turtlesim/action
[24.507s] -- Up-to-date: /home/pedro/ingenia_ws/install/turtlesim/include/turtlesim/turtlesim/action/detail
[24.508s] -- Installing: /home/pedro/ingenia_ws/install/turtlesim/include/turtlesim/turtlesim/action/detail/rotate_absolute__traits.hpp
[24.508s] -- Installing: /home/pedro/ingenia_ws/install/turtlesim/include/turtlesim/turtlesim/action/detail/rotate_absolute__builder.hpp
[24.508s] -- Installing: /home/pedro/ingenia_ws/install/turtlesim/include/turtlesim/turtlesim/action/detail/rotate_absolute__struct.hpp
[24.508s] -- Installing: /home/pedro/ingenia_ws/install/turtlesim/include/turtlesim/turtlesim/action/rotate_absolute.hpp
[24.508s] -- Up-to-date: /home/pedro/ingenia_ws/install/turtlesim/include/turtlesim/turtlesim
[24.508s] -- Up-to-date: /home/pedro/ingenia_ws/install/turtlesim/include/turtlesim/turtlesim/srv
[24.508s] -- Up-to-date: /home/pedro/ingenia_ws/install/turtlesim/include/turtlesim/turtlesim/srv/detail
[24.508s] -- Installing: /home/pedro/ingenia_ws/install/turtlesim/include/turtlesim/turtlesim/srv/detail/set_pen__rosidl_typesupport_fastrtps_cpp.hpp
[24.508s] -- Installing: /home/pedro/ingenia_ws/install/turtlesim/include/turtlesim/turtlesim/srv/detail/spawn__rosidl_typesupport_fastrtps_cpp.hpp
[24.508s] -- Installing: /home/pedro/ingenia_ws/install/turtlesim/include/turtlesim/turtlesim/srv/detail/dds_fastrtps
[24.508s] -- Installing: /home/pedro/ingenia_ws/install/turtlesim/include/turtlesim/turtlesim/srv/detail/teleport_absolute__rosidl_typesupport_fastrtps_cpp.hpp
[24.509s] -- Installing: /home/pedro/ingenia_ws/install/turtlesim/include/turtlesim/turtlesim/srv/detail/teleport_relative__rosidl_typesupport_fastrtps_cpp.hpp
[24.509s] -- Installing: /home/pedro/ingenia_ws/install/turtlesim/include/turtlesim/turtlesim/srv/detail/kill__rosidl_typesupport_fastrtps_cpp.hpp
[24.509s] -- Up-to-date: /home/pedro/ingenia_ws/install/turtlesim/include/turtlesim/turtlesim/msg
[24.509s] -- Installing: /home/pedro/ingenia_ws/install/turtlesim/include/turtlesim/turtlesim/msg/rosidl_typesupport_fastrtps_cpp__visibility_control.h
[24.509s] -- Up-to-date: /home/pedro/ingenia_ws/install/turtlesim/include/turtlesim/turtlesim/msg/detail
[24.509s] -- Installing: /home/pedro/ingenia_ws/install/turtlesim/include/turtlesim/turtlesim/msg/detail/dds_fastrtps
[24.509s] -- Installing: /home/pedro/ingenia_ws/install/turtlesim/include/turtlesim/turtlesim/msg/detail/pose__rosidl_typesupport_fastrtps_cpp.hpp
[24.509s] -- Installing: /home/pedro/ingenia_ws/install/turtlesim/include/turtlesim/turtlesim/msg/detail/color__rosidl_typesupport_fastrtps_cpp.hpp
[24.509s] -- Up-to-date: /home/pedro/ingenia_ws/install/turtlesim/include/turtlesim/turtlesim/action
[24.509s] -- Up-to-date: /home/pedro/ingenia_ws/install/turtlesim/include/turtlesim/turtlesim/action/detail
[24.509s] -- Installing: /home/pedro/ingenia_ws/install/turtlesim/include/turtlesim/turtlesim/action/detail/dds_fastrtps
[24.510s] -- Installing: /home/pedro/ingenia_ws/install/turtlesim/include/turtlesim/turtlesim/action/detail/rotate_absolute__rosidl_typesupport_fastrtps_cpp.hpp
[24.510s] -- Installing: /home/pedro/ingenia_ws/install/turtlesim/lib/libturtlesim__rosidl_typesupport_fastrtps_cpp.so
[24.510s] -- Set runtime path of "/home/pedro/ingenia_ws/install/turtlesim/lib/libturtlesim__rosidl_typesupport_fastrtps_cpp.so" to ""
[24.510s] -- Up-to-date: /home/pedro/ingenia_ws/install/turtlesim/include/turtlesim/turtlesim
[24.510s] -- Up-to-date: /home/pedro/ingenia_ws/install/turtlesim/include/turtlesim/turtlesim/srv
[24.510s] -- Up-to-date: /home/pedro/ingenia_ws/install/turtlesim/include/turtlesim/turtlesim/srv/detail
[24.510s] -- Installing: /home/pedro/ingenia_ws/install/turtlesim/include/turtlesim/turtlesim/srv/detail/teleport_relative__type_support.c
[24.510s] -- Installing: /home/pedro/ingenia_ws/install/turtlesim/include/turtlesim/turtlesim/srv/detail/teleport_absolute__type_support.c
[24.510s] -- Installing: /home/pedro/ingenia_ws/install/turtlesim/include/turtlesim/turtlesim/srv/detail/spawn__rosidl_typesupport_introspection_c.h
[24.510s] -- Installing: /home/pedro/ingenia_ws/install/turtlesim/include/turtlesim/turtlesim/srv/detail/teleport_relative__rosidl_typesupport_introspection_c.h
[24.511s] -- Installing: /home/pedro/ingenia_ws/install/turtlesim/include/turtlesim/turtlesim/srv/detail/set_pen__type_support.c
[24.511s] -- Installing: /home/pedro/ingenia_ws/install/turtlesim/include/turtlesim/turtlesim/srv/detail/set_pen__rosidl_typesupport_introspection_c.h
[24.511s] -- Installing: /home/pedro/ingenia_ws/install/turtlesim/include/turtlesim/turtlesim/srv/detail/teleport_absolute__rosidl_typesupport_introspection_c.h
[24.511s] -- Installing: /home/pedro/ingenia_ws/install/turtlesim/include/turtlesim/turtlesim/srv/detail/kill__type_support.c
[24.511s] -- Installing: /home/pedro/ingenia_ws/install/turtlesim/include/turtlesim/turtlesim/srv/detail/kill__rosidl_typesupport_introspection_c.h
[24.511s] -- Installing: /home/pedro/ingenia_ws/install/turtlesim/include/turtlesim/turtlesim/srv/detail/spawn__type_support.c
[24.511s] -- Up-to-date: /home/pedro/ingenia_ws/install/turtlesim/include/turtlesim/turtlesim/msg
[24.511s] -- Up-to-date: /home/pedro/ingenia_ws/install/turtlesim/include/turtlesim/turtlesim/msg/detail
[24.511s] -- Installing: /home/pedro/ingenia_ws/install/turtlesim/include/turtlesim/turtlesim/msg/detail/color__rosidl_typesupport_introspection_c.h
[24.511s] -- Installing: /home/pedro/ingenia_ws/install/turtlesim/include/turtlesim/turtlesim/msg/detail/color__type_support.c
[24.511s] -- Installing: /home/pedro/ingenia_ws/install/turtlesim/include/turtlesim/turtlesim/msg/detail/pose__rosidl_typesupport_introspection_c.h
[24.511s] -- Installing: /home/pedro/ingenia_ws/install/turtlesim/include/turtlesim/turtlesim/msg/detail/pose__type_support.c
[24.512s] -- Installing: /home/pedro/ingenia_ws/install/turtlesim/include/turtlesim/turtlesim/msg/rosidl_typesupport_introspection_c__visibility_control.h
[24.512s] -- Up-to-date: /home/pedro/ingenia_ws/install/turtlesim/include/turtlesim/turtlesim/action
[24.512s] -- Up-to-date: /home/pedro/ingenia_ws/install/turtlesim/include/turtlesim/turtlesim/action/detail
[24.512s] -- Installing: /home/pedro/ingenia_ws/install/turtlesim/include/turtlesim/turtlesim/action/detail/rotate_absolute__type_support.c
[24.512s] -- Installing: /home/pedro/ingenia_ws/install/turtlesim/include/turtlesim/turtlesim/action/detail/rotate_absolute__rosidl_typesupport_introspection_c.h
[24.512s] -- Installing: /home/pedro/ingenia_ws/install/turtlesim/lib/libturtlesim__rosidl_typesupport_introspection_c.so
[24.512s] -- Set runtime path of "/home/pedro/ingenia_ws/install/turtlesim/lib/libturtlesim__rosidl_typesupport_introspection_c.so" to ""
[24.512s] -- Installing: /home/pedro/ingenia_ws/install/turtlesim/lib/libturtlesim__rosidl_typesupport_c.so
[24.512s] -- Set runtime path of "/home/pedro/ingenia_ws/install/turtlesim/lib/libturtlesim__rosidl_typesupport_c.so" to ""
[24.512s] -- Up-to-date: /home/pedro/ingenia_ws/install/turtlesim/include/turtlesim/turtlesim
[24.513s] -- Up-to-date: /home/pedro/ingenia_ws/install/turtlesim/include/turtlesim/turtlesim/srv
[24.513s] -- Up-to-date: /home/pedro/ingenia_ws/install/turtlesim/include/turtlesim/turtlesim/srv/detail
[24.513s] -- Installing: /home/pedro/ingenia_ws/install/turtlesim/include/turtlesim/turtlesim/srv/detail/kill__rosidl_typesupport_introspection_cpp.hpp
[24.513s] -- Installing: /home/pedro/ingenia_ws/install/turtlesim/include/turtlesim/turtlesim/srv/detail/spawn__rosidl_typesupport_introspection_cpp.hpp
[24.513s] -- Installing: /home/pedro/ingenia_ws/install/turtlesim/include/turtlesim/turtlesim/srv/detail/teleport_relative__rosidl_typesupport_introspection_cpp.hpp
[24.513s] -- Installing: /home/pedro/ingenia_ws/install/turtlesim/include/turtlesim/turtlesim/srv/detail/teleport_relative__type_support.cpp
[24.513s] -- Installing: /home/pedro/ingenia_ws/install/turtlesim/include/turtlesim/turtlesim/srv/detail/kill__type_support.cpp
[24.513s] -- Installing: /home/pedro/ingenia_ws/install/turtlesim/include/turtlesim/turtlesim/srv/detail/set_pen__type_support.cpp
[24.513s] -- Installing: /home/pedro/ingenia_ws/install/turtlesim/include/turtlesim/turtlesim/srv/detail/teleport_absolute__type_support.cpp
[24.514s] -- Installing: /home/pedro/ingenia_ws/install/turtlesim/include/turtlesim/turtlesim/srv/detail/set_pen__rosidl_typesupport_introspection_cpp.hpp
[24.514s] -- Installing: /home/pedro/ingenia_ws/install/turtlesim/include/turtlesim/turtlesim/srv/detail/teleport_absolute__rosidl_typesupport_introspection_cpp.hpp
[24.514s] -- Installing: /home/pedro/ingenia_ws/install/turtlesim/include/turtlesim/turtlesim/srv/detail/spawn__type_support.cpp
[24.514s] -- Up-to-date: /home/pedro/ingenia_ws/install/turtlesim/include/turtlesim/turtlesim/msg
[24.514s] -- Up-to-date: /home/pedro/ingenia_ws/install/turtlesim/include/turtlesim/turtlesim/msg/detail
[24.514s] -- Installing: /home/pedro/ingenia_ws/install/turtlesim/include/turtlesim/turtlesim/msg/detail/color__rosidl_typesupport_introspection_cpp.hpp
[24.514s] -- Installing: /home/pedro/ingenia_ws/install/turtlesim/include/turtlesim/turtlesim/msg/detail/pose__rosidl_typesupport_introspection_cpp.hpp
[24.515s] -- Installing: /home/pedro/ingenia_ws/install/turtlesim/include/turtlesim/turtlesim/msg/detail/pose__type_support.cpp
[24.515s] -- Installing: /home/pedro/ingenia_ws/install/turtlesim/include/turtlesim/turtlesim/msg/detail/color__type_support.cpp
[24.515s] -- Up-to-date: /home/pedro/ingenia_ws/install/turtlesim/include/turtlesim/turtlesim/action
[24.515s] -- Up-to-date: /home/pedro/ingenia_ws/install/turtlesim/include/turtlesim/turtlesim/action/detail
[24.515s] -- Installing: /home/pedro/ingenia_ws/install/turtlesim/include/turtlesim/turtlesim/action/detail/rotate_absolute__type_support.cpp
[24.515s] -- Installing: /home/pedro/ingenia_ws/install/turtlesim/include/turtlesim/turtlesim/action/detail/rotate_absolute__rosidl_typesupport_introspection_cpp.hpp
[24.515s] -- Installing: /home/pedro/ingenia_ws/install/turtlesim/lib/libturtlesim__rosidl_typesupport_introspection_cpp.so
[24.515s] -- Set runtime path of "/home/pedro/ingenia_ws/install/turtlesim/lib/libturtlesim__rosidl_typesupport_introspection_cpp.so" to ""
[24.515s] -- Installing: /home/pedro/ingenia_ws/install/turtlesim/lib/libturtlesim__rosidl_typesupport_cpp.so
[24.516s] -- Set runtime path of "/home/pedro/ingenia_ws/install/turtlesim/lib/libturtlesim__rosidl_typesupport_cpp.so" to ""
[24.516s] -- Installing: /home/pedro/ingenia_ws/install/turtlesim/share/turtlesim/environment/pythonpath.sh
[24.516s] -- Installing: /home/pedro/ingenia_ws/install/turtlesim/share/turtlesim/environment/pythonpath.dsv
[24.516s] -- Installing: /home/pedro/ingenia_ws/install/turtlesim/local/lib/python3.10/dist-packages/turtlesim-1.4.2-py3.10.egg-info
[24.516s] -- Installing: /home/pedro/ingenia_ws/install/turtlesim/local/lib/python3.10/dist-packages/turtlesim-1.4.2-py3.10.egg-info/PKG-INFO
[24.516s] -- Installing: /home/pedro/ingenia_ws/install/turtlesim/local/lib/python3.10/dist-packages/turtlesim-1.4.2-py3.10.egg-info/top_level.txt
[24.516s] -- Installing: /home/pedro/ingenia_ws/install/turtlesim/local/lib/python3.10/dist-packages/turtlesim-1.4.2-py3.10.egg-info/dependency_links.txt
[24.516s] -- Installing: /home/pedro/ingenia_ws/install/turtlesim/local/lib/python3.10/dist-packages/turtlesim-1.4.2-py3.10.egg-info/SOURCES.txt
[24.517s] -- Installing: /home/pedro/ingenia_ws/install/turtlesim/local/lib/python3.10/dist-packages/turtlesim
[24.517s] -- Installing: /home/pedro/ingenia_ws/install/turtlesim/local/lib/python3.10/dist-packages/turtlesim/srv
[24.517s] -- Installing: /home/pedro/ingenia_ws/install/turtlesim/local/lib/python3.10/dist-packages/turtlesim/srv/_set_pen_s.c
[24.517s] -- Installing: /home/pedro/ingenia_ws/install/turtlesim/local/lib/python3.10/dist-packages/turtlesim/srv/_teleport_absolute.py
[24.517s] -- Installing: /home/pedro/ingenia_ws/install/turtlesim/local/lib/python3.10/dist-packages/turtlesim/srv/_teleport_absolute_s.c
[24.517s] -- Installing: /home/pedro/ingenia_ws/install/turtlesim/local/lib/python3.10/dist-packages/turtlesim/srv/_spawn.py
[24.517s] -- Installing: /home/pedro/ingenia_ws/install/turtlesim/local/lib/python3.10/dist-packages/turtlesim/srv/_teleport_relative_s.c
[24.517s] -- Installing: /home/pedro/ingenia_ws/install/turtlesim/local/lib/python3.10/dist-packages/turtlesim/srv/_kill.py
[24.517s] -- Installing: /home/pedro/ingenia_ws/install/turtlesim/local/lib/python3.10/dist-packages/turtlesim/srv/_spawn_s.c
[24.517s] -- Installing: /home/pedro/ingenia_ws/install/turtlesim/local/lib/python3.10/dist-packages/turtlesim/srv/_kill_s.c
[24.518s] -- Installing: /home/pedro/ingenia_ws/install/turtlesim/local/lib/python3.10/dist-packages/turtlesim/srv/_set_pen.py
[24.518s] -- Installing: /home/pedro/ingenia_ws/install/turtlesim/local/lib/python3.10/dist-packages/turtlesim/srv/__init__.py
[24.518s] -- Installing: /home/pedro/ingenia_ws/install/turtlesim/local/lib/python3.10/dist-packages/turtlesim/srv/_teleport_relative.py
[24.518s] -- Installing: /home/pedro/ingenia_ws/install/turtlesim/local/lib/python3.10/dist-packages/turtlesim/_turtlesim_s.ep.rosidl_typesupport_introspection_c.c
[24.518s] -- Installing: /home/pedro/ingenia_ws/install/turtlesim/local/lib/python3.10/dist-packages/turtlesim/turtlesim_s__rosidl_typesupport_fastrtps_c.cpython-310-x86_64-linux-gnu.so
[24.518s] -- Installing: /home/pedro/ingenia_ws/install/turtlesim/local/lib/python3.10/dist-packages/turtlesim/libturtlesim__rosidl_generator_py.so
[24.518s] -- Installing: /home/pedro/ingenia_ws/install/turtlesim/local/lib/python3.10/dist-packages/turtlesim/msg
[24.519s] -- Installing: /home/pedro/ingenia_ws/install/turtlesim/local/lib/python3.10/dist-packages/turtlesim/msg/_color_s.c
[24.519s] -- Installing: /home/pedro/ingenia_ws/install/turtlesim/local/lib/python3.10/dist-packages/turtlesim/msg/_color.py
[24.519s] -- Installing: /home/pedro/ingenia_ws/install/turtlesim/local/lib/python3.10/dist-packages/turtlesim/msg/_pose.py
[24.519s] -- Installing: /home/pedro/ingenia_ws/install/turtlesim/local/lib/python3.10/dist-packages/turtlesim/msg/__init__.py
[24.519s] -- Installing: /home/pedro/ingenia_ws/install/turtlesim/local/lib/python3.10/dist-packages/turtlesim/msg/_pose_s.c
[24.519s] -- Installing: /home/pedro/ingenia_ws/install/turtlesim/local/lib/python3.10/dist-packages/turtlesim/turtlesim_s__rosidl_typesupport_introspection_c.cpython-310-x86_64-linux-gnu.so
[24.519s] -- Installing: /home/pedro/ingenia_ws/install/turtlesim/local/lib/python3.10/dist-packages/turtlesim/action
[24.519s] -- Installing: /home/pedro/ingenia_ws/install/turtlesim/local/lib/python3.10/dist-packages/turtlesim/action/_rotate_absolute.py
[24.519s] -- Installing: /home/pedro/ingenia_ws/install/turtlesim/local/lib/python3.10/dist-packages/turtlesim/action/_rotate_absolute_s.c
[24.520s] -- Installing: /home/pedro/ingenia_ws/install/turtlesim/local/lib/python3.10/dist-packages/turtlesim/action/__init__.py
[24.520s] -- Installing: /home/pedro/ingenia_ws/install/turtlesim/local/lib/python3.10/dist-packages/turtlesim/turtlesim_s__rosidl_typesupport_c.cpython-310-x86_64-linux-gnu.so
[24.520s] -- Installing: /home/pedro/ingenia_ws/install/turtlesim/local/lib/python3.10/dist-packages/turtlesim/_turtlesim_s.ep.rosidl_typesupport_fastrtps_c.c
[24.520s] -- Installing: /home/pedro/ingenia_ws/install/turtlesim/local/lib/python3.10/dist-packages/turtlesim/__init__.py
[24.520s] -- Installing: /home/pedro/ingenia_ws/install/turtlesim/local/lib/python3.10/dist-packages/turtlesim/_turtlesim_s.ep.rosidl_typesupport_c.c
[24.601s] Listing '/home/pedro/ingenia_ws/install/turtlesim/local/lib/python3.10/dist-packages/turtlesim'...
[24.601s] Compiling '/home/pedro/ingenia_ws/install/turtlesim/local/lib/python3.10/dist-packages/turtlesim/__init__.py'...
[24.602s] Listing '/home/pedro/ingenia_ws/install/turtlesim/local/lib/python3.10/dist-packages/turtlesim/action'...
[24.602s] Compiling '/home/pedro/ingenia_ws/install/turtlesim/local/lib/python3.10/dist-packages/turtlesim/action/__init__.py'...
[24.602s] Compiling '/home/pedro/ingenia_ws/install/turtlesim/local/lib/python3.10/dist-packages/turtlesim/action/_rotate_absolute.py'...
[24.602s] Listing '/home/pedro/ingenia_ws/install/turtlesim/local/lib/python3.10/dist-packages/turtlesim/msg'...
[24.602s] Compiling '/home/pedro/ingenia_ws/install/turtlesim/local/lib/python3.10/dist-packages/turtlesim/msg/__init__.py'...
[24.602s] Compiling '/home/pedro/ingenia_ws/install/turtlesim/local/lib/python3.10/dist-packages/turtlesim/msg/_color.py'...
[24.602s] Compiling '/home/pedro/ingenia_ws/install/turtlesim/local/lib/python3.10/dist-packages/turtlesim/msg/_pose.py'...
[24.603s] Listing '/home/pedro/ingenia_ws/install/turtlesim/local/lib/python3.10/dist-packages/turtlesim/srv'...
[24.603s] Compiling '/home/pedro/ingenia_ws/install/turtlesim/local/lib/python3.10/dist-packages/turtlesim/srv/__init__.py'...
[24.603s] Compiling '/home/pedro/ingenia_ws/install/turtlesim/local/lib/python3.10/dist-packages/turtlesim/srv/_kill.py'...
[24.603s] Compiling '/home/pedro/ingenia_ws/install/turtlesim/local/lib/python3.10/dist-packages/turtlesim/srv/_set_pen.py'...
[24.603s] Compiling '/home/pedro/ingenia_ws/install/turtlesim/local/lib/python3.10/dist-packages/turtlesim/srv/_spawn.py'...
[24.603s] Compiling '/home/pedro/ingenia_ws/install/turtlesim/local/lib/python3.10/dist-packages/turtlesim/srv/_teleport_absolute.py'...
[24.603s] Compiling '/home/pedro/ingenia_ws/install/turtlesim/local/lib/python3.10/dist-packages/turtlesim/srv/_teleport_relative.py'...
[24.608s] -- Installing: /home/pedro/ingenia_ws/install/turtlesim/local/lib/python3.10/dist-packages/turtlesim/turtlesim_s__rosidl_typesupport_fastrtps_c.cpython-310-x86_64-linux-gnu.so
[24.609s] -- Set runtime path of "/home/pedro/ingenia_ws/install/turtlesim/local/lib/python3.10/dist-packages/turtlesim/turtlesim_s__rosidl_typesupport_fastrtps_c.cpython-310-x86_64-linux-gnu.so" to ""
[24.609s] -- Installing: /home/pedro/ingenia_ws/install/turtlesim/local/lib/python3.10/dist-packages/turtlesim/turtlesim_s__rosidl_typesupport_introspection_c.cpython-310-x86_64-linux-gnu.so
[24.609s] -- Set runtime path of "/home/pedro/ingenia_ws/install/turtlesim/local/lib/python3.10/dist-packages/turtlesim/turtlesim_s__rosidl_typesupport_introspection_c.cpython-310-x86_64-linux-gnu.so" to ""
[24.610s] -- Installing: /home/pedro/ingenia_ws/install/turtlesim/local/lib/python3.10/dist-packages/turtlesim/turtlesim_s__rosidl_typesupport_c.cpython-310-x86_64-linux-gnu.so
[24.611s] -- Set runtime path of "/home/pedro/ingenia_ws/install/turtlesim/local/lib/python3.10/dist-packages/turtlesim/turtlesim_s__rosidl_typesupport_c.cpython-310-x86_64-linux-gnu.so" to ""
[24.611s] -- Installing: /home/pedro/ingenia_ws/install/turtlesim/lib/libturtlesim__rosidl_generator_py.so
[24.611s] -- Set runtime path of "/home/pedro/ingenia_ws/install/turtlesim/lib/libturtlesim__rosidl_generator_py.so" to ""
[24.612s] -- Installing: /home/pedro/ingenia_ws/install/turtlesim/share/turtlesim/action/RotateAbsolute.idl
[24.612s] -- Installing: /home/pedro/ingenia_ws/install/turtlesim/share/turtlesim/msg/Color.idl
[24.612s] -- Installing: /home/pedro/ingenia_ws/install/turtlesim/share/turtlesim/msg/Pose.idl
[24.612s] -- Installing: /home/pedro/ingenia_ws/install/turtlesim/share/turtlesim/srv/Kill.idl
[24.612s] -- Installing: /home/pedro/ingenia_ws/install/turtlesim/share/turtlesim/srv/SetPen.idl
[24.613s] -- Installing: /home/pedro/ingenia_ws/install/turtlesim/share/turtlesim/srv/Spawn.idl
[24.613s] -- Installing: /home/pedro/ingenia_ws/install/turtlesim/share/turtlesim/srv/TeleportAbsolute.idl
[24.613s] -- Installing: /home/pedro/ingenia_ws/install/turtlesim/share/turtlesim/srv/TeleportRelative.idl
[24.613s] -- Installing: /home/pedro/ingenia_ws/install/turtlesim/share/turtlesim/action/RotateAbsolute.action
[24.613s] -- Installing: /home/pedro/ingenia_ws/install/turtlesim/share/turtlesim/msg/Color.msg
[24.614s] -- Installing: /home/pedro/ingenia_ws/install/turtlesim/share/turtlesim/msg/Pose.msg
[24.614s] -- Installing: /home/pedro/ingenia_ws/install/turtlesim/share/turtlesim/srv/Kill.srv
[24.614s] -- Installing: /home/pedro/ingenia_ws/install/turtlesim/share/turtlesim/srv/Kill_Request.msg
[24.614s] -- Installing: /home/pedro/ingenia_ws/install/turtlesim/share/turtlesim/srv/Kill_Response.msg
[24.614s] -- Installing: /home/pedro/ingenia_ws/install/turtlesim/share/turtlesim/srv/SetPen.srv
[24.614s] -- Installing: /home/pedro/ingenia_ws/install/turtlesim/share/turtlesim/srv/SetPen_Request.msg
[24.615s] -- Installing: /home/pedro/ingenia_ws/install/turtlesim/share/turtlesim/srv/SetPen_Response.msg
[24.615s] -- Installing: /home/pedro/ingenia_ws/install/turtlesim/share/turtlesim/srv/Spawn.srv
[24.615s] -- Installing: /home/pedro/ingenia_ws/install/turtlesim/share/turtlesim/srv/Spawn_Request.msg
[24.615s] -- Installing: /home/pedro/ingenia_ws/install/turtlesim/share/turtlesim/srv/Spawn_Response.msg
[24.615s] -- Installing: /home/pedro/ingenia_ws/install/turtlesim/share/turtlesim/srv/TeleportAbsolute.srv
[24.615s] -- Installing: /home/pedro/ingenia_ws/install/turtlesim/share/turtlesim/srv/TeleportAbsolute_Request.msg
[24.615s] -- Installing: /home/pedro/ingenia_ws/install/turtlesim/share/turtlesim/srv/TeleportAbsolute_Response.msg
[24.616s] -- Installing: /home/pedro/ingenia_ws/install/turtlesim/share/turtlesim/srv/TeleportRelative.srv
[24.616s] -- Installing: /home/pedro/ingenia_ws/install/turtlesim/share/turtlesim/srv/TeleportRelative_Request.msg
[24.616s] -- Installing: /home/pedro/ingenia_ws/install/turtlesim/share/turtlesim/srv/TeleportRelative_Response.msg
[24.616s] -- Installing: /home/pedro/ingenia_ws/install/turtlesim/lib/turtlesim/turtlesim_node
[24.626s] -- Set runtime path of "/home/pedro/ingenia_ws/install/turtlesim/lib/turtlesim/turtlesim_node" to ""
[24.626s] -- Installing: /home/pedro/ingenia_ws/install/turtlesim/lib/turtlesim/turtle_teleop_key
[24.627s] -- Set runtime path of "/home/pedro/ingenia_ws/install/turtlesim/lib/turtlesim/turtle_teleop_key" to ""
[24.628s] -- Installing: /home/pedro/ingenia_ws/install/turtlesim/lib/turtlesim/draw_square
[24.631s] -- Set runtime path of "/home/pedro/ingenia_ws/install/turtlesim/lib/turtlesim/draw_square" to ""
[24.631s] -- Installing: /home/pedro/ingenia_ws/install/turtlesim/lib/turtlesim/mimic
[24.634s] -- Set runtime path of "/home/pedro/ingenia_ws/install/turtlesim/lib/turtlesim/mimic" to ""
[24.634s] -- Installing: /home/pedro/ingenia_ws/install/turtlesim/share/turtlesim/images
[24.634s] -- Installing: /home/pedro/ingenia_ws/install/turtlesim/share/turtlesim/images/foxy.png
[24.634s] -- Installing: /home/pedro/ingenia_ws/install/turtlesim/share/turtlesim/images/dashing.png
[24.635s] -- Installing: /home/pedro/ingenia_ws/install/turtlesim/share/turtlesim/images/humble.png
[24.635s] -- Installing: /home/pedro/ingenia_ws/install/turtlesim/share/turtlesim/images/bouncy.png
[24.635s] -- Installing: /home/pedro/ingenia_ws/install/turtlesim/share/turtlesim/images/galactic.png
[24.635s] -- Installing: /home/pedro/ingenia_ws/install/turtlesim/share/turtlesim/images/eloquent.png
[24.635s] -- Installing: /home/pedro/ingenia_ws/install/turtlesim/share/turtlesim/images/crystal.png
[24.635s] -- Installing: /home/pedro/ingenia_ws/install/turtlesim/share/turtlesim/images/rolling.png
[24.635s] -- Installing: /home/pedro/ingenia_ws/install/turtlesim/share/turtlesim/images/ardent.png
[24.635s] -- Installing: /home/pedro/ingenia_ws/install/turtlesim/share/turtlesim/launch
[24.635s] -- Installing: /home/pedro/ingenia_ws/install/turtlesim/share/turtlesim/launch/multisim.launch.py
[24.635s] -- Installing: /home/pedro/ingenia_ws/install/turtlesim/share/ament_index/resource_index/package_run_dependencies/turtlesim
[24.635s] -- Installing: /home/pedro/ingenia_ws/install/turtlesim/share/ament_index/resource_index/parent_prefix_path/turtlesim
[24.635s] -- Installing: /home/pedro/ingenia_ws/install/turtlesim/share/turtlesim/environment/ament_prefix_path.sh
[24.636s] -- Installing: /home/pedro/ingenia_ws/install/turtlesim/share/turtlesim/environment/ament_prefix_path.dsv
[24.636s] -- Installing: /home/pedro/ingenia_ws/install/turtlesim/share/turtlesim/environment/path.sh
[24.636s] -- Installing: /home/pedro/ingenia_ws/install/turtlesim/share/turtlesim/environment/path.dsv
[24.636s] -- Installing: /home/pedro/ingenia_ws/install/turtlesim/share/turtlesim/local_setup.bash
[24.636s] -- Installing: /home/pedro/ingenia_ws/install/turtlesim/share/turtlesim/local_setup.sh
[24.636s] -- Installing: /home/pedro/ingenia_ws/install/turtlesim/share/turtlesim/local_setup.zsh
[24.636s] -- Installing: /home/pedro/ingenia_ws/install/turtlesim/share/turtlesim/local_setup.dsv
[24.636s] -- Installing: /home/pedro/ingenia_ws/install/turtlesim/share/turtlesim/package.dsv
[24.636s] -- Installing: /home/pedro/ingenia_ws/install/turtlesim/share/ament_index/resource_index/packages/turtlesim
[24.637s] -- Installing: /home/pedro/ingenia_ws/install/turtlesim/share/turtlesim/cmake/export_turtlesim__rosidl_generator_cExport.cmake
[24.637s] -- Installing: /home/pedro/ingenia_ws/install/turtlesim/share/turtlesim/cmake/export_turtlesim__rosidl_generator_cExport-noconfig.cmake
[24.637s] -- Installing: /home/pedro/ingenia_ws/install/turtlesim/share/turtlesim/cmake/export_turtlesim__rosidl_typesupport_fastrtps_cExport.cmake
[24.637s] -- Installing: /home/pedro/ingenia_ws/install/turtlesim/share/turtlesim/cmake/export_turtlesim__rosidl_typesupport_fastrtps_cExport-noconfig.cmake
[24.637s] -- Installing: /home/pedro/ingenia_ws/install/turtlesim/share/turtlesim/cmake/export_turtlesim__rosidl_generator_cppExport.cmake
[24.637s] -- Installing: /home/pedro/ingenia_ws/install/turtlesim/share/turtlesim/cmake/export_turtlesim__rosidl_typesupport_fastrtps_cppExport.cmake
[24.638s] -- Installing: /home/pedro/ingenia_ws/install/turtlesim/share/turtlesim/cmake/export_turtlesim__rosidl_typesupport_fastrtps_cppExport-noconfig.cmake
[24.638s] -- Installing: /home/pedro/ingenia_ws/install/turtlesim/share/turtlesim/cmake/turtlesim__rosidl_typesupport_introspection_cExport.cmake
[24.638s] -- Installing: /home/pedro/ingenia_ws/install/turtlesim/share/turtlesim/cmake/turtlesim__rosidl_typesupport_introspection_cExport-noconfig.cmake
[24.638s] -- Installing: /home/pedro/ingenia_ws/install/turtlesim/share/turtlesim/cmake/turtlesim__rosidl_typesupport_cExport.cmake
[24.638s] -- Installing: /home/pedro/ingenia_ws/install/turtlesim/share/turtlesim/cmake/turtlesim__rosidl_typesupport_cExport-noconfig.cmake
[24.638s] -- Installing: /home/pedro/ingenia_ws/install/turtlesim/share/turtlesim/cmake/turtlesim__rosidl_typesupport_introspection_cppExport.cmake
[24.638s] -- Installing: /home/pedro/ingenia_ws/install/turtlesim/share/turtlesim/cmake/turtlesim__rosidl_typesupport_introspection_cppExport-noconfig.cmake
[24.639s] -- Installing: /home/pedro/ingenia_ws/install/turtlesim/share/turtlesim/cmake/turtlesim__rosidl_typesupport_cppExport.cmake
[24.639s] -- Installing: /home/pedro/ingenia_ws/install/turtlesim/share/turtlesim/cmake/turtlesim__rosidl_typesupport_cppExport-noconfig.cmake
[24.639s] -- Installing: /home/pedro/ingenia_ws/install/turtlesim/share/turtlesim/cmake/export_turtlesim__rosidl_generator_pyExport.cmake
[24.639s] -- Installing: /home/pedro/ingenia_ws/install/turtlesim/share/turtlesim/cmake/export_turtlesim__rosidl_generator_pyExport-noconfig.cmake
[24.639s] -- Installing: /home/pedro/ingenia_ws/install/turtlesim/share/turtlesim/cmake/rosidl_cmake-extras.cmake
[24.639s] -- Installing: /home/pedro/ingenia_ws/install/turtlesim/share/turtlesim/cmake/ament_cmake_export_dependencies-extras.cmake
[24.639s] -- Installing: /home/pedro/ingenia_ws/install/turtlesim/share/turtlesim/cmake/ament_cmake_export_include_directories-extras.cmake
[24.640s] -- Installing: /home/pedro/ingenia_ws/install/turtlesim/share/turtlesim/cmake/ament_cmake_export_libraries-extras.cmake
[24.640s] -- Installing: /home/pedro/ingenia_ws/install/turtlesim/share/turtlesim/cmake/ament_cmake_export_targets-extras.cmake
[24.640s] -- Installing: /home/pedro/ingenia_ws/install/turtlesim/share/turtlesim/cmake/rosidl_cmake_export_typesupport_targets-extras.cmake
[24.640s] -- Installing: /home/pedro/ingenia_ws/install/turtlesim/share/turtlesim/cmake/rosidl_cmake_export_typesupport_libraries-extras.cmake
[24.640s] -- Installing: /home/pedro/ingenia_ws/install/turtlesim/share/turtlesim/cmake/turtlesimConfig.cmake
[24.640s] -- Installing: /home/pedro/ingenia_ws/install/turtlesim/share/turtlesim/cmake/turtlesimConfig-version.cmake
[24.640s] -- Installing: /home/pedro/ingenia_ws/install/turtlesim/share/turtlesim/package.xml
[24.643s] Invoked command in '/home/pedro/ingenia_ws/build/turtlesim' returned '0': CMAKE_PREFIX_PATH=${CMAKE_PREFIX_PATH}:/home/pedro/aerostack2_ws/install/as2_keyboard_teleoperation:/home/pedro/aerostack2_ws/install/as2_python_api:/opt/ros/humble /usr/bin/cmake --install /home/pedro/ingenia_ws/build/turtlesim
